{
  "RSpec": {
    "coverage": {
      "D:/Ruby on Rails/iwa-test/app/models/user.rb": [
        1,
        null,
        1,
        null,
        null,
        null,
        1,
        null,
        null,
        1,
        null,
        1,
        null,
        null,
        null,
        1,
        null,
        null,
        null,
        null,
        null,
        null,
        1,
        1,
        16,
        null
      ],
      "D:/Ruby on Rails/iwa-test/app/models/application_record.rb": [
        1,
        1,
        null
      ],
      "D:/Ruby on Rails/iwa-test/app/models/concerns/swagger/user_schema.rb": [
        null,
        null,
        1,
        1,
        1,
        1,
        null,
        1,
        1,
        1,
        1,
        null,
        null,
        1,
        1,
        null,
        null,
        1,
        1,
        null,
        null,
        1,
        1,
        null,
        null,
        1,
        1,
        null,
        null,
        null,
        null,
        null,
        null
      ],
      "D:/Ruby on Rails/iwa-test/app/helpers/application_helper.rb": [
        1,
        1,
        0,
        null,
        null
      ],
      "D:/Ruby on Rails/iwa-test/app/helpers/sessions_helper.rb": [
        1,
        null
      ],
      "D:/Ruby on Rails/iwa-test/app/helpers/tests_helper.rb": [
        1,
        1,
        0,
        0,
        0,
        0,
        null,
        null,
        0,
        0,
        null,
        null,
        null,
        1,
        0,
        0,
        0,
        0,
        null,
        null,
        0,
        0,
        null,
        null,
        null
      ],
      "D:/Ruby on Rails/iwa-test/app/helpers/users_helper.rb": [
        1,
        null
      ],
      "D:/Ruby on Rails/iwa-test/app/controllers/application_controller.rb": [
        1,
        1,
        null,
        1,
        0,
        null,
        null,
        1,
        0,
        null,
        null,
        1,
        0,
        null,
        null,
        1,
        0,
        null,
        null
      ],
      "D:/Ruby on Rails/iwa-test/app/controllers/api/v1/authentication_controller.rb": [
        1,
        1,
        1,
        1,
        null,
        1,
        null,
        1,
        2,
        2,
        1,
        1,
        1,
        null,
        1,
        null,
        null,
        null,
        1,
        0,
        0,
        null,
        0,
        null,
        null,
        null,
        null,
        null
      ],
      "D:/Ruby on Rails/iwa-test/app/controllers/api/base_controller.rb": [
        1,
        1,
        1,
        1,
        1,
        null,
        1,
        null,
        1,
        0,
        null,
        null,
        1,
        null,
        1,
        0,
        null,
        0,
        0,
        null,
        0,
        null,
        null,
        null,
        1,
        0,
        0,
        null,
        null,
        null,
        null
      ],
      "D:/Ruby on Rails/iwa-test/app/controllers/concerns/api/response.rb": [
        1,
        1,
        1,
        null,
        1,
        1,
        2,
        null,
        null,
        null,
        null,
        null
      ],
      "D:/Ruby on Rails/iwa-test/app/controllers/concerns/api/exception_handler.rb": [
        1,
        1,
        1,
        null,
        1,
        1,
        0,
        null,
        null,
        1,
        1,
        null,
        null,
        null,
        null,
        null,
        null,
        null,
        1,
        0,
        null,
        null,
        1,
        0,
        null,
        null,
        1,
        0,
        null,
        null,
        null,
        null,
        null
      ],
      "D:/Ruby on Rails/iwa-test/lib/errors/authorization_error.rb": [
        1,
        1,
        1,
        null,
        1,
        1,
        1,
        null,
        null,
        null,
        null
      ],
      "D:/Ruby on Rails/iwa-test/app/controllers/concerns/swagger/authentication_api.rb": [
        1,
        1,
        1,
        1,
        null,
        1,
        1,
        1,
        1,
        1,
        1,
        null,
        1,
        null,
        1,
        1,
        1,
        1,
        null,
        null,
        null,
        1,
        null,
        null,
        null,
        1,
        1,
        1,
        1,
        1,
        null,
        1,
        null,
        1,
        1,
        1,
        1,
        null,
        null,
        null,
        1,
        null,
        null,
        null,
        null,
        null,
        null
      ],
      "D:/Ruby on Rails/iwa-test/app/controllers/concerns/swagger/error_responses.rb": [
        1,
        1,
        1,
        2,
        2,
        2,
        2,
        null,
        null,
        null,
        null,
        null,
        1,
        1,
        0,
        0,
        0,
        0,
        null,
        null,
        null,
        null,
        null,
        null
      ],
      "D:/Ruby on Rails/iwa-test/app/serializers/user_serializer.rb": [
        1,
        1,
        null,
        null
      ],
      "D:/Ruby on Rails/iwa-test/app/channels/application_cable/channel.rb": [
        0,
        0,
        0,
        0
      ],
      "D:/Ruby on Rails/iwa-test/app/channels/application_cable/connection.rb": [
        0,
        0,
        0,
        0
      ],
      "D:/Ruby on Rails/iwa-test/app/controllers/api/v1/api_docs_controller.rb": [
        0,
        0,
        0,
        0,
        0,
        null,
        0,
        0,
        0,
        0,
        0,
        0,
        null
      ],
      "D:/Ruby on Rails/iwa-test/app/controllers/api/v1/tests_controller.rb": [
        0,
        0,
        0,
        0,
        null,
        0,
        0,
        null,
        0,
        0,
        null,
        0,
        0,
        0,
        0,
        null,
        0,
        0,
        0,
        0,
        0,
        null
      ],
      "D:/Ruby on Rails/iwa-test/app/controllers/api/v1/test_results_controller.rb": [
        0,
        0,
        0,
        0,
        null,
        0,
        0,
        0,
        0,
        0,
        0,
        null
      ],
      "D:/Ruby on Rails/iwa-test/app/controllers/concerns/swagger/api_docs.rb": [
        0,
        0,
        0,
        0,
        null,
        0,
        0,
        0,
        0,
        0,
        0,
        0,
        0,
        0,
        0,
        null,
        0,
        0,
        null,
        0,
        0,
        0,
        0,
        0,
        0,
        0,
        0,
        0,
        null,
        0,
        0,
        0,
        0,
        0,
        null
      ],
      "D:/Ruby on Rails/iwa-test/app/controllers/concerns/swagger/parameters.rb": [
        0,
        0,
        0,
        0,
        0,
        0,
        0,
        0,
        0,
        null,
        0,
        0,
        0,
        0,
        0,
        0,
        0,
        0,
        0,
        0,
        null
      ],
      "D:/Ruby on Rails/iwa-test/app/controllers/concerns/swagger/tests_api.rb": [
        0,
        0,
        0,
        0,
        null,
        0,
        0,
        0,
        0,
        0,
        0,
        null,
        0,
        null,
        0,
        0,
        0,
        0,
        0,
        0,
        0,
        0,
        null,
        0,
        0,
        0,
        null,
        0,
        0,
        0,
        0,
        0,
        null,
        0,
        0,
        0,
        0,
        0,
        0,
        0,
        0,
        null,
        0,
        0,
        0,
        0,
        0,
        0,
        null,
        0,
        0,
        0,
        0,
        0,
        0,
        0,
        null
      ],
      "D:/Ruby on Rails/iwa-test/app/controllers/concerns/swagger/test_results_api.rb": [
        0,
        0,
        0,
        0,
        null,
        0,
        0,
        0,
        0,
        0,
        0,
        null,
        0,
        null,
        0,
        0,
        0,
        0,
        0,
        0,
        null,
        0,
        0,
        0,
        0,
        0,
        0,
        null
      ],
      "D:/Ruby on Rails/iwa-test/app/controllers/sessions_controller.rb": [
        0,
        0,
        0,
        0,
        0
      ],
      "D:/Ruby on Rails/iwa-test/app/controllers/tests_controller.rb": [
        0,
        0,
        null,
        0,
        0,
        0,
        null,
        0,
        0,
        null,
        0,
        0,
        0,
        null,
        0,
        0,
        null,
        0,
        0,
        null,
        0,
        0,
        0,
        0,
        0,
        0,
        null,
        0,
        0,
        0,
        null,
        0,
        0,
        null,
        0,
        0,
        0,
        0,
        0,
        0,
        0,
        null,
        0,
        0,
        0,
        0,
        null,
        0,
        null,
        0,
        0,
        0,
        null,
        0,
        0,
        0,
        0,
        0,
        0,
        0,
        0,
        0,
        0,
        0,
        0,
        0,
        0,
        0,
        0,
        0,
        0
      ],
      "D:/Ruby on Rails/iwa-test/app/controllers/users_controller.rb": [
        0,
        0,
        null,
        0,
        0,
        0,
        null,
        0,
        0,
        null,
        0,
        0,
        0,
        null,
        0,
        0,
        null,
        0,
        0,
        null,
        0,
        0,
        0,
        0,
        0,
        0,
        null,
        0,
        0,
        0,
        0,
        0,
        0,
        0,
        null,
        0,
        0,
        0,
        0,
        null,
        0,
        null,
        0,
        0,
        0,
        null,
        0,
        0,
        0,
        0
      ],
      "D:/Ruby on Rails/iwa-test/app/jobs/application_job.rb": [
        0,
        null,
        null,
        null,
        null,
        null,
        0
      ],
      "D:/Ruby on Rails/iwa-test/app/mailers/application_mailer.rb": [
        0,
        0,
        0,
        0
      ],
      "D:/Ruby on Rails/iwa-test/app/models/concerns/swagger/common_schema.rb": [
        null,
        null,
        0,
        0,
        0,
        null,
        0,
        0,
        0,
        0,
        0,
        null,
        0,
        0,
        0,
        0,
        null,
        0,
        0,
        0,
        0,
        null,
        0,
        0,
        0,
        0,
        null,
        0,
        0,
        0,
        0,
        0,
        0,
        0
      ],
      "D:/Ruby on Rails/iwa-test/app/models/concerns/swagger/test_schema.rb": [
        null,
        null,
        0,
        0,
        0,
        0,
        null,
        0,
        0,
        0,
        0,
        0,
        null,
        0,
        0,
        0,
        null,
        0,
        0,
        0,
        0,
        0,
        0,
        0,
        null
      ],
      "D:/Ruby on Rails/iwa-test/app/models/option.rb": [
        0,
        null,
        0,
        null,
        0,
        0,
        null,
        0
      ],
      "D:/Ruby on Rails/iwa-test/app/models/question.rb": [
        0,
        null,
        0,
        0,
        null,
        0,
        0,
        null,
        0,
        null,
        0
      ],
      "D:/Ruby on Rails/iwa-test/app/models/test.rb": [
        0,
        null,
        0,
        null,
        0,
        null,
        0,
        0,
        null,
        0,
        null,
        0,
        null,
        0,
        0,
        0,
        null,
        0,
        0,
        0,
        0,
        0,
        0,
        0,
        0,
        null,
        0,
        0,
        0,
        0,
        null,
        0
      ],
      "D:/Ruby on Rails/iwa-test/app/serializers/question_serializer.rb": [
        0,
        0,
        0,
        null
      ],
      "D:/Ruby on Rails/iwa-test/app/serializers/test_serializer.rb": [
        0,
        0,
        0,
        null
      ]
    },
    "timestamp": 1578590038
  }
}
